<?xml version="1.0" encoding="UTF-8"?>
<!-- Generated by org.testng.reporters.JUnitReportReporter -->
<testsuite hostname="Art-Samir" failures="0" tests="6" name="switchcare.SwitchCareTest" time="124.551" errors="0" timestamp="2024-07-13T17:59:57 IST" skipped="0">
  <testcase classname="switchcare.SwitchCareTest" name="loginPage" time="21.601"/>
  <system-out/>
  <testcase classname="switchcare.SwitchCareTest" name="selectfood" time="1.544"/>
  <system-out/>
  <testcase classname="switchcare.SwitchCareTest" name="breakfast" time="22.541"/>
  <system-out/>
  <testcase classname="switchcare.SwitchCareTest" name="Lunch" time="31.542"/>
  <system-out/>
  <testcase classname="switchcare.SwitchCareTest" name="dinner" time="29.933"/>
  <system-out/>
  <testcase classname="switchcare.SwitchCareTest" name="verifyNutration" time="17.390"/>
  <system-out/>
</testsuite> <!-- switchcare.SwitchCareTest -->
