<?xml version="1.0" encoding="UTF-8"?>
<!-- Generated by org.testng.reporters.JUnitReportReporter -->
<testsuite hostname="Art-Samir" failures="0" tests="6" name="switchcare.SmitchCareTest" time="115.038" errors="0" timestamp="2024-07-15T08:11:27 IST" skipped="0">
  <testcase classname="switchcare.SmitchCareTest" name="loginPage" time="22.985"/>
  <system-out/>
  <testcase classname="switchcare.SmitchCareTest" name="selectfood" time="1.825"/>
  <system-out/>
  <testcase classname="switchcare.SmitchCareTest" name="breakfast" time="20.723"/>
  <system-out/>
  <testcase classname="switchcare.SmitchCareTest" name="Lunch" time="28.871"/>
  <system-out/>
  <testcase classname="switchcare.SmitchCareTest" name="dinner" time="23.029"/>
  <system-out/>
  <testcase classname="switchcare.SmitchCareTest" name="verifyNutration" time="17.605"/>
  <system-out/>
</testsuite> <!-- switchcare.SmitchCareTest -->
